This file contains any messages produced by compilers while
running configure, to aid debugging if configure makes a mistake.

It was created by configure, which was
generated by GNU Autoconf 2.57.  Invocation command line was

  $ ./configure 

## --------- ##
## Platform. ##
## --------- ##

hostname = Toni-Ivass-MacBook-Pro.local
uname -m = i386
uname -r = 10.4.0
uname -s = Darwin
uname -v = Darwin Kernel Version 10.4.0: Fri Apr 23 18:28:53 PDT 2010; root:xnu-1504.7.4~1/RELEASE_I386

/usr/bin/uname -p = i386
/bin/uname -X     = unknown

/bin/arch              = unknown
/usr/bin/arch -k       = unknown
/usr/convex/getsysinfo = unknown
hostinfo               = Mach kernel version:
	 Darwin Kernel Version 10.4.0: Fri Apr 23 18:28:53 PDT 2010; root:xnu-1504.7.4~1/RELEASE_I386
Kernel configured for up to 2 processors.
2 processors are physically available.
2 processors are logically available.
Processor type: i486 (Intel 80486)
Processors active: 0 1
Primary memory available: 4.00 gigabytes
Default processor set: 82 tasks, 402 threads, 2 processors
Load average: 0.62, Mach factor: 1.37
/bin/machine           = unknown
/usr/bin/oslevel       = unknown
/bin/universe          = unknown

PATH: /Library/Frameworks/Python.framework/Versions/2.6/bin
PATH: /usr/bin
PATH: /bin
PATH: /usr/sbin
PATH: /sbin
PATH: /usr/local/bin
PATH: /usr/texbin
PATH: /usr/X11/bin
PATH: /Users/toniivas/gtk/inst/bin
PATH: /opt/local/bin
PATH: /opt/local/sbin


## ----------- ##
## Core tests. ##
## ----------- ##

configure:1483: checking for a BSD-compatible install
configure:1537: result: /usr/bin/install -c
configure:1548: checking whether build environment is sane
configure:1591: result: yes
configure:1624: checking for gawk
configure:1653: result: no
configure:1624: checking for mawk
configure:1653: result: no
configure:1624: checking for nawk
configure:1653: result: no
configure:1624: checking for awk
configure:1640: found /usr/bin/awk
configure:1650: result: awk
configure:1660: checking whether make sets $(MAKE)
configure:1680: result: yes
configure:1904: checking for gcc
configure:1920: found /usr/bin/gcc
configure:1930: result: gcc
configure:2174: checking for C compiler version
configure:2177: gcc --version </dev/null >&5
i686-apple-darwin10-gcc-4.2.1 (GCC) 4.2.1 (Apple Inc. build 5659)
Copyright (C) 2007 Free Software Foundation, Inc.
This is free software; see the source for copying conditions.  There is NO
warranty; not even for MERCHANTABILITY or FITNESS FOR A PARTICULAR PURPOSE.

configure:2180: $? = 0
configure:2182: gcc -v </dev/null >&5
Using built-in specs.
Target: i686-apple-darwin10
Configured with: /var/tmp/gcc/gcc-5659~1/src/configure --disable-checking --enable-werror --prefix=/usr --mandir=/share/man --enable-languages=c,objc,c++,obj-c++ --program-transform-name=/^[cg][^.-]*$/s/$/-4.2/ --with-slibdir=/usr/lib --build=i686-apple-darwin10 --program-prefix=i686-apple-darwin10- --host=x86_64-apple-darwin10 --target=i686-apple-darwin10 --with-gxx-include-dir=/include/c++/4.2.1
Thread model: posix
gcc version 4.2.1 (Apple Inc. build 5659)
configure:2185: $? = 0
configure:2187: gcc -V </dev/null >&5
gcc-4.2: argument to `-V' is missing
configure:2190: $? = 1
configure:2214: checking for C compiler default output
configure:2217: gcc    conftest.c  >&5
configure:2220: $? = 0
configure:2266: result: a.out
configure:2271: checking whether the C compiler works
configure:2277: ./a.out
configure:2280: $? = 0
configure:2297: result: yes
configure:2304: checking whether we are cross compiling
configure:2306: result: no
configure:2309: checking for suffix of executables
configure:2311: gcc -o conftest    conftest.c  >&5
configure:2314: $? = 0
configure:2339: result: 
configure:2345: checking for suffix of object files
configure:2367: gcc -c   conftest.c >&5
configure:2370: $? = 0
configure:2392: result: o
configure:2396: checking whether we are using the GNU C compiler
configure:2421: gcc -c   conftest.c >&5
configure:2424: $? = 0
configure:2427: test -s conftest.o
configure:2430: $? = 0
configure:2443: result: yes
configure:2449: checking whether gcc accepts -g
configure:2471: gcc -c -g  conftest.c >&5
configure:2474: $? = 0
configure:2477: test -s conftest.o
configure:2480: $? = 0
configure:2491: result: yes
configure:2508: checking for gcc option to accept ANSI C
configure:2569: gcc  -c -g -O2  conftest.c >&5
configure:2572: $? = 0
configure:2575: test -s conftest.o
configure:2578: $? = 0
configure:2596: result: none needed
configure:2614: gcc -c -g -O2  conftest.c >&5
conftest.c:2: error: expected '=', ',', ';', 'asm' or '__attribute__' before 'me'
configure:2617: $? = 1
configure: failed program was:
| #ifndef __cplusplus
|   choke me
| #endif
configure:2737: checking for style of include used by make
configure:2765: result: GNU
configure:2793: checking dependency style of gcc
configure:2861: result: gcc3
configure:2890: checking for a BSD-compatible install
configure:2944: result: /usr/bin/install -c
configure:3027: checking build system type
configure:3045: result: i386-apple-darwin10.4.0
configure:3053: checking host system type
configure:3067: result: i386-apple-darwin10.4.0
configure:3097: checking for ld used by GCC
configure:3160: result: /usr/libexec/gcc/i686-apple-darwin10/4.2.1/ld
configure:3169: checking if the linker (/usr/libexec/gcc/i686-apple-darwin10/4.2.1/ld) is GNU ld
configure:3181: result: no
configure:3186: checking for /usr/libexec/gcc/i686-apple-darwin10/4.2.1/ld option to reload object files
configure:3193: result: -r
configure:3198: checking for BSD-compatible nm
configure:3234: result: /usr/bin/nm
configure:3237: checking whether ln -s works
configure:3241: result: yes
configure:3248: checking how to recognise dependant libraries
configure:3426: result: file_magic Mach-O dynamically linked shared library
configure:3439: checking command to parse /usr/bin/nm output
configure:3520: gcc -c -g -O2  conftest.c >&5
configure:3523: $? = 0
configure:3527: /usr/bin/nm conftest.o \| sed -n -e 's/^.*[ 	]\([BCDEGRST][BCDEGRST]*\)[ 	][ 	]*\(\)\([_A-Za-z][_A-Za-z0-9]*\)$/\1 \2\3 \3/p' \> conftest.nm
configure:3530: $? = 0
cannot find nm_test_var in conftest.nm
configure:3520: gcc -c -g -O2  conftest.c >&5
configure:3523: $? = 0
configure:3527: /usr/bin/nm conftest.o \| sed -n -e 's/^.*[ 	]\([BCDEGRST][BCDEGRST]*\)[ 	][ 	]*\(_\)\([_A-Za-z][_A-Za-z0-9]*\)$/\1 \2\3 \3/p' \> conftest.nm
configure:3530: $? = 0
configure:3582: gcc -o conftest -g -O2   conftest.c conftstm.o >&5
configure:3585: $? = 0
configure:3629: result: ok
configure:3638: checking how to run the C preprocessor
configure:3674: gcc -E  conftest.c
configure:3680: $? = 0
configure:3712: gcc -E  conftest.c
configure:3713:28: error: ac_nonexistent.h: No such file or directory
configure:3718: $? = 1
configure: failed program was:
| #line 3703 "configure"
| /* confdefs.h.  */
| 
| #define PACKAGE_NAME ""
| #define PACKAGE_TARNAME ""
| #define PACKAGE_VERSION ""
| #define PACKAGE_STRING ""
| #define PACKAGE_BUGREPORT ""
| #define PACKAGE "viewcasts"
| #define VERSION "0.5"
| /* end confdefs.h.  */
| #include <ac_nonexistent.h>
configure:3756: result: gcc -E
configure:3781: gcc -E  conftest.c
configure:3787: $? = 0
configure:3819: gcc -E  conftest.c
configure:3820:28: error: ac_nonexistent.h: No such file or directory
configure:3825: $? = 1
configure: failed program was:
| #line 3810 "configure"
| /* confdefs.h.  */
| 
| #define PACKAGE_NAME ""
| #define PACKAGE_TARNAME ""
| #define PACKAGE_VERSION ""
| #define PACKAGE_STRING ""
| #define PACKAGE_BUGREPORT ""
| #define PACKAGE "viewcasts"
| #define VERSION "0.5"
| /* end confdefs.h.  */
| #include <ac_nonexistent.h>
configure:3868: checking for egrep
configure:3878: result: grep -E
configure:3883: checking for ANSI C header files
configure:3909: gcc -c -g -O2  conftest.c >&5
configure:3912: $? = 0
configure:3915: test -s conftest.o
configure:3918: $? = 0
configure:4010: gcc -o conftest -g -O2   conftest.c  >&5
configure: In function 'main':
configure:4005: warning: incompatible implicit declaration of built-in function 'exit'
configure:4013: $? = 0
configure:4015: ./conftest
configure:4018: $? = 0
configure:4033: result: yes
configure:4057: checking for sys/types.h
configure:4074: gcc -c -g -O2  conftest.c >&5
configure:4077: $? = 0
configure:4080: test -s conftest.o
configure:4083: $? = 0
configure:4094: result: yes
configure:4057: checking for sys/stat.h
configure:4074: gcc -c -g -O2  conftest.c >&5
configure:4077: $? = 0
configure:4080: test -s conftest.o
configure:4083: $? = 0
configure:4094: result: yes
configure:4057: checking for stdlib.h
configure:4074: gcc -c -g -O2  conftest.c >&5
configure:4077: $? = 0
configure:4080: test -s conftest.o
configure:4083: $? = 0
configure:4094: result: yes
configure:4057: checking for string.h
configure:4074: gcc -c -g -O2  conftest.c >&5
configure:4077: $? = 0
configure:4080: test -s conftest.o
configure:4083: $? = 0
configure:4094: result: yes
configure:4057: checking for memory.h
configure:4074: gcc -c -g -O2  conftest.c >&5
configure:4077: $? = 0
configure:4080: test -s conftest.o
configure:4083: $? = 0
configure:4094: result: yes
configure:4057: checking for strings.h
configure:4074: gcc -c -g -O2  conftest.c >&5
configure:4077: $? = 0
configure:4080: test -s conftest.o
configure:4083: $? = 0
configure:4094: result: yes
configure:4057: checking for inttypes.h
configure:4074: gcc -c -g -O2  conftest.c >&5
configure:4077: $? = 0
configure:4080: test -s conftest.o
configure:4083: $? = 0
configure:4094: result: yes
configure:4057: checking for stdint.h
configure:4074: gcc -c -g -O2  conftest.c >&5
configure:4077: $? = 0
configure:4080: test -s conftest.o
configure:4083: $? = 0
configure:4094: result: yes
configure:4057: checking for unistd.h
configure:4074: gcc -c -g -O2  conftest.c >&5
configure:4077: $? = 0
configure:4080: test -s conftest.o
configure:4083: $? = 0
configure:4094: result: yes
configure:4120: checking dlfcn.h usability
configure:4133: gcc -c -g -O2  conftest.c >&5
configure:4136: $? = 0
configure:4139: test -s conftest.o
configure:4142: $? = 0
configure:4152: result: yes
configure:4156: checking dlfcn.h presence
configure:4167: gcc -E  conftest.c
configure:4173: $? = 0
configure:4192: result: yes
configure:4228: checking for dlfcn.h
configure:4235: result: yes
configure:4432: checking for ranlib
configure:4448: found /usr/bin/ranlib
configure:4459: result: ranlib
configure:4512: checking for strip
configure:4528: found /usr/bin/strip
configure:4539: result: strip
configure:4749: checking for objdir
configure:4760: result: .libs
configure:4777: checking for gcc option to produce PIC
configure:4927: result: -fno-common
configure:4931: checking if gcc PIC flag -fno-common works
configure:4955: gcc -c -g -O2 -fno-common -DPIC  conftest.c >&5
configure:4958: $? = 0
configure:4961: test -s conftest.o
configure:4964: $? = 0
configure:5002: result: yes
configure:5018: checking if gcc static flag -static works
configure:5043: gcc -o conftest -g -O2   -static conftest.c  >&5
ld: library not found for -lcrt0.o
collect2: ld returned 1 exit status
configure:5046: $? = 1
configure: failed program was:
| #line 5026 "configure"
| /* confdefs.h.  */
| 
| #define PACKAGE_NAME ""
| #define PACKAGE_TARNAME ""
| #define PACKAGE_VERSION ""
| #define PACKAGE_STRING ""
| #define PACKAGE_BUGREPORT ""
| #define PACKAGE "viewcasts"
| #define VERSION "0.5"
| #define STDC_HEADERS 1
| #define HAVE_SYS_TYPES_H 1
| #define HAVE_SYS_STAT_H 1
| #define HAVE_STDLIB_H 1
| #define HAVE_STRING_H 1
| #define HAVE_MEMORY_H 1
| #define HAVE_STRINGS_H 1
| #define HAVE_INTTYPES_H 1
| #define HAVE_STDINT_H 1
| #define HAVE_UNISTD_H 1
| #define HAVE_DLFCN_H 1
| /* end confdefs.h.  */
| 
| int
| main ()
| {
| 
|   ;
|   return 0;
| }
configure:5068: result: no
configure:5080: checking if gcc supports -c -o file.o
configure:5100: gcc -c -g -O2 -o out/conftest2.o  conftest.c >&5
configure:5124: result: yes
configure:5129: checking if gcc supports -c -o file.lo
configure:5157: gcc -c -g -O2 -c -o conftest.lo  conftest.c >&5
configure:5160: $? = 0
configure:5163: test -s conftest.lo
configure:5166: $? = 0
configure:5188: result: yes
configure:5219: checking if gcc supports -fno-rtti -fno-exceptions
configure:5242: gcc -c -g -O2 -fno-rtti -fno-exceptions -c conftest.c  conftest.c >&5
cc1: warning: command line option "-fno-rtti" is valid for C++/ObjC++ but not for C
cc1: warning: command line option "-fno-rtti" is valid for C++/ObjC++ but not for C
configure:5245: $? = 0
configure:5248: test -s conftest.o
configure:5251: $? = 0
configure:5268: result: yes
configure:5279: checking whether the linker (/usr/libexec/gcc/i686-apple-darwin10/4.2.1/ld) supports shared libraries
configure:5959: result: yes
configure:5964: checking how to hardcode library paths into programs
configure:5988: result: unsupported
configure:5993: checking whether stripping libraries is possible
configure:6001: result: no
configure:6009: checking dynamic linker characteristics
configure:6402: result: darwin10.4.0 dyld
configure:6407: checking if libtool supports shared libraries
configure:6409: result: yes
configure:6412: checking whether to build shared libraries
configure:6433: result: yes
configure:6436: checking whether to build static libraries
configure:6440: result: yes
configure:7737: checking for a BSD-compatible install
configure:7791: result: /usr/bin/install -c
configure:7811: checking for uil
configure:7829: found /opt/local/bin/uil
configure:7841: result: /opt/local/bin/uil
configure:7856: checking target "i386-apple-darwin10.4.0"
configure:7935: checking for X
configure:8041: gcc -E  conftest.c
configure:8047: $? = 0
configure:8097: gcc -o conftest -g -O2   conftest.c -lXt  >&5
ld: library not found for -lXt
collect2: ld returned 1 exit status
configure:8100: $? = 1
configure: failed program was:
| #line 8080 "configure"
| /* confdefs.h.  */
| 
| #define PACKAGE_NAME ""
| #define PACKAGE_TARNAME ""
| #define PACKAGE_VERSION ""
| #define PACKAGE_STRING ""
| #define PACKAGE_BUGREPORT ""
| #define PACKAGE "viewcasts"
| #define VERSION "0.5"
| #define STDC_HEADERS 1
| #define HAVE_SYS_TYPES_H 1
| #define HAVE_SYS_STAT_H 1
| #define HAVE_STDLIB_H 1
| #define HAVE_STRING_H 1
| #define HAVE_MEMORY_H 1
| #define HAVE_STRINGS_H 1
| #define HAVE_INTTYPES_H 1
| #define HAVE_STDINT_H 1
| #define HAVE_UNISTD_H 1
| #define HAVE_DLFCN_H 1
| /* end confdefs.h.  */
| #include <X11/Intrinsic.h>
| int
| main ()
| {
| XtMalloc (0)
|   ;
|   return 0;
| }
configure:8145: result: no
configure:9136: checking for OpenGL
configure:9193: checking for library containing glAccum
configure:9224: gcc -o conftest -g -O2   conftest.c  >&5
Undefined symbols:
  "_glAccum", referenced from:
      _main in cc5VGatf.o
ld: symbol(s) not found
collect2: ld returned 1 exit status
configure:9227: $? = 1
configure: failed program was:
| #line 9200 "configure"
| /* confdefs.h.  */
| 
| #define PACKAGE_NAME ""
| #define PACKAGE_TARNAME ""
| #define PACKAGE_VERSION ""
| #define PACKAGE_STRING ""
| #define PACKAGE_BUGREPORT ""
| #define PACKAGE "viewcasts"
| #define VERSION "0.5"
| #define STDC_HEADERS 1
| #define HAVE_SYS_TYPES_H 1
| #define HAVE_SYS_STAT_H 1
| #define HAVE_STDLIB_H 1
| #define HAVE_STRING_H 1
| #define HAVE_MEMORY_H 1
| #define HAVE_STRINGS_H 1
| #define HAVE_INTTYPES_H 1
| #define HAVE_STDINT_H 1
| #define HAVE_UNISTD_H 1
| #define HAVE_DLFCN_H 1
| #define X_DISPLAY_MISSING 1
| /* end confdefs.h.  */
| 
| /* Override any gcc2 internal prototype to avoid an error.  */
| #ifdef __cplusplus
| extern "C"
| #endif
| /* We use char because int might match the return type of a gcc2
|    builtin and then its argument prototype would still apply.  */
| char glAccum ();
| int
| main ()
| {
| glAccum ();
|   ;
|   return 0;
| }
configure:9269: gcc -o conftest -g -O2   conftest.c -lMesaGL   >&5
ld: library not found for -lMesaGL
collect2: ld returned 1 exit status
configure:9272: $? = 1
configure: failed program was:
| #line 9245 "configure"
| /* confdefs.h.  */
| 
| #define PACKAGE_NAME ""
| #define PACKAGE_TARNAME ""
| #define PACKAGE_VERSION ""
| #define PACKAGE_STRING ""
| #define PACKAGE_BUGREPORT ""
| #define PACKAGE "viewcasts"
| #define VERSION "0.5"
| #define STDC_HEADERS 1
| #define HAVE_SYS_TYPES_H 1
| #define HAVE_SYS_STAT_H 1
| #define HAVE_STDLIB_H 1
| #define HAVE_STRING_H 1
| #define HAVE_MEMORY_H 1
| #define HAVE_STRINGS_H 1
| #define HAVE_INTTYPES_H 1
| #define HAVE_STDINT_H 1
| #define HAVE_UNISTD_H 1
| #define HAVE_DLFCN_H 1
| #define X_DISPLAY_MISSING 1
| /* end confdefs.h.  */
| 
| /* Override any gcc2 internal prototype to avoid an error.  */
| #ifdef __cplusplus
| extern "C"
| #endif
| /* We use char because int might match the return type of a gcc2
|    builtin and then its argument prototype would still apply.  */
| char glAccum ();
| int
| main ()
| {
| glAccum ();
|   ;
|   return 0;
| }
configure:9269: gcc -o conftest -g -O2   conftest.c -lGL   >&5
ld: library not found for -lGL
collect2: ld returned 1 exit status
configure:9272: $? = 1
configure: failed program was:
| #line 9245 "configure"
| /* confdefs.h.  */
| 
| #define PACKAGE_NAME ""
| #define PACKAGE_TARNAME ""
| #define PACKAGE_VERSION ""
| #define PACKAGE_STRING ""
| #define PACKAGE_BUGREPORT ""
| #define PACKAGE "viewcasts"
| #define VERSION "0.5"
| #define STDC_HEADERS 1
| #define HAVE_SYS_TYPES_H 1
| #define HAVE_SYS_STAT_H 1
| #define HAVE_STDLIB_H 1
| #define HAVE_STRING_H 1
| #define HAVE_MEMORY_H 1
| #define HAVE_STRINGS_H 1
| #define HAVE_INTTYPES_H 1
| #define HAVE_STDINT_H 1
| #define HAVE_UNISTD_H 1
| #define HAVE_DLFCN_H 1
| #define X_DISPLAY_MISSING 1
| /* end confdefs.h.  */
| 
| /* Override any gcc2 internal prototype to avoid an error.  */
| #ifdef __cplusplus
| extern "C"
| #endif
| /* We use char because int might match the return type of a gcc2
|    builtin and then its argument prototype would still apply.  */
| char glAccum ();
| int
| main ()
| {
| glAccum ();
|   ;
|   return 0;
| }
configure:9292: result: no
configure:9301: checking for library containing gluBeginCurve
configure:9332: gcc -o conftest -g -O2   conftest.c  >&5
Undefined symbols:
  "_gluBeginCurve", referenced from:
      _main in ccfY2Oav.o
ld: symbol(s) not found
collect2: ld returned 1 exit status
configure:9335: $? = 1
configure: failed program was:
| #line 9308 "configure"
| /* confdefs.h.  */
| 
| #define PACKAGE_NAME ""
| #define PACKAGE_TARNAME ""
| #define PACKAGE_VERSION ""
| #define PACKAGE_STRING ""
| #define PACKAGE_BUGREPORT ""
| #define PACKAGE "viewcasts"
| #define VERSION "0.5"
| #define STDC_HEADERS 1
| #define HAVE_SYS_TYPES_H 1
| #define HAVE_SYS_STAT_H 1
| #define HAVE_STDLIB_H 1
| #define HAVE_STRING_H 1
| #define HAVE_MEMORY_H 1
| #define HAVE_STRINGS_H 1
| #define HAVE_INTTYPES_H 1
| #define HAVE_STDINT_H 1
| #define HAVE_UNISTD_H 1
| #define HAVE_DLFCN_H 1
| #define X_DISPLAY_MISSING 1
| /* end confdefs.h.  */
| 
| /* Override any gcc2 internal prototype to avoid an error.  */
| #ifdef __cplusplus
| extern "C"
| #endif
| /* We use char because int might match the return type of a gcc2
|    builtin and then its argument prototype would still apply.  */
| char gluBeginCurve ();
| int
| main ()
| {
| gluBeginCurve ();
|   ;
|   return 0;
| }
configure:9377: gcc -o conftest -g -O2   conftest.c -lMesaGLU   >&5
ld: library not found for -lMesaGLU
collect2: ld returned 1 exit status
configure:9380: $? = 1
configure: failed program was:
| #line 9353 "configure"
| /* confdefs.h.  */
| 
| #define PACKAGE_NAME ""
| #define PACKAGE_TARNAME ""
| #define PACKAGE_VERSION ""
| #define PACKAGE_STRING ""
| #define PACKAGE_BUGREPORT ""
| #define PACKAGE "viewcasts"
| #define VERSION "0.5"
| #define STDC_HEADERS 1
| #define HAVE_SYS_TYPES_H 1
| #define HAVE_SYS_STAT_H 1
| #define HAVE_STDLIB_H 1
| #define HAVE_STRING_H 1
| #define HAVE_MEMORY_H 1
| #define HAVE_STRINGS_H 1
| #define HAVE_INTTYPES_H 1
| #define HAVE_STDINT_H 1
| #define HAVE_UNISTD_H 1
| #define HAVE_DLFCN_H 1
| #define X_DISPLAY_MISSING 1
| /* end confdefs.h.  */
| 
| /* Override any gcc2 internal prototype to avoid an error.  */
| #ifdef __cplusplus
| extern "C"
| #endif
| /* We use char because int might match the return type of a gcc2
|    builtin and then its argument prototype would still apply.  */
| char gluBeginCurve ();
| int
| main ()
| {
| gluBeginCurve ();
|   ;
|   return 0;
| }
configure:9377: gcc -o conftest -g -O2   conftest.c -lGLU   >&5
ld: library not found for -lGLU
collect2: ld returned 1 exit status
configure:9380: $? = 1
configure: failed program was:
| #line 9353 "configure"
| /* confdefs.h.  */
| 
| #define PACKAGE_NAME ""
| #define PACKAGE_TARNAME ""
| #define PACKAGE_VERSION ""
| #define PACKAGE_STRING ""
| #define PACKAGE_BUGREPORT ""
| #define PACKAGE "viewcasts"
| #define VERSION "0.5"
| #define STDC_HEADERS 1
| #define HAVE_SYS_TYPES_H 1
| #define HAVE_SYS_STAT_H 1
| #define HAVE_STDLIB_H 1
| #define HAVE_STRING_H 1
| #define HAVE_MEMORY_H 1
| #define HAVE_STRINGS_H 1
| #define HAVE_INTTYPES_H 1
| #define HAVE_STDINT_H 1
| #define HAVE_UNISTD_H 1
| #define HAVE_DLFCN_H 1
| #define X_DISPLAY_MISSING 1
| /* end confdefs.h.  */
| 
| /* Override any gcc2 internal prototype to avoid an error.  */
| #ifdef __cplusplus
| extern "C"
| #endif
| /* We use char because int might match the return type of a gcc2
|    builtin and then its argument prototype would still apply.  */
| char gluBeginCurve ();
| int
| main ()
| {
| gluBeginCurve ();
|   ;
|   return 0;
| }
configure:9400: result: no
configure:9409: checking for library containing glXChooseVisual
configure:9440: gcc -o conftest -g -O2   conftest.c  >&5
Undefined symbols:
  "_glXChooseVisual", referenced from:
      _main in cc1a6m66.o
ld: symbol(s) not found
collect2: ld returned 1 exit status
configure:9443: $? = 1
configure: failed program was:
| #line 9416 "configure"
| /* confdefs.h.  */
| 
| #define PACKAGE_NAME ""
| #define PACKAGE_TARNAME ""
| #define PACKAGE_VERSION ""
| #define PACKAGE_STRING ""
| #define PACKAGE_BUGREPORT ""
| #define PACKAGE "viewcasts"
| #define VERSION "0.5"
| #define STDC_HEADERS 1
| #define HAVE_SYS_TYPES_H 1
| #define HAVE_SYS_STAT_H 1
| #define HAVE_STDLIB_H 1
| #define HAVE_STRING_H 1
| #define HAVE_MEMORY_H 1
| #define HAVE_STRINGS_H 1
| #define HAVE_INTTYPES_H 1
| #define HAVE_STDINT_H 1
| #define HAVE_UNISTD_H 1
| #define HAVE_DLFCN_H 1
| #define X_DISPLAY_MISSING 1
| /* end confdefs.h.  */
| 
| /* Override any gcc2 internal prototype to avoid an error.  */
| #ifdef __cplusplus
| extern "C"
| #endif
| /* We use char because int might match the return type of a gcc2
|    builtin and then its argument prototype would still apply.  */
| char glXChooseVisual ();
| int
| main ()
| {
| glXChooseVisual ();
|   ;
|   return 0;
| }
configure:9485: gcc -o conftest -g -O2   conftest.c -lMesaGLX   >&5
ld: library not found for -lMesaGLX
collect2: ld returned 1 exit status
configure:9488: $? = 1
configure: failed program was:
| #line 9461 "configure"
| /* confdefs.h.  */
| 
| #define PACKAGE_NAME ""
| #define PACKAGE_TARNAME ""
| #define PACKAGE_VERSION ""
| #define PACKAGE_STRING ""
| #define PACKAGE_BUGREPORT ""
| #define PACKAGE "viewcasts"
| #define VERSION "0.5"
| #define STDC_HEADERS 1
| #define HAVE_SYS_TYPES_H 1
| #define HAVE_SYS_STAT_H 1
| #define HAVE_STDLIB_H 1
| #define HAVE_STRING_H 1
| #define HAVE_MEMORY_H 1
| #define HAVE_STRINGS_H 1
| #define HAVE_INTTYPES_H 1
| #define HAVE_STDINT_H 1
| #define HAVE_UNISTD_H 1
| #define HAVE_DLFCN_H 1
| #define X_DISPLAY_MISSING 1
| /* end confdefs.h.  */
| 
| /* Override any gcc2 internal prototype to avoid an error.  */
| #ifdef __cplusplus
| extern "C"
| #endif
| /* We use char because int might match the return type of a gcc2
|    builtin and then its argument prototype would still apply.  */
| char glXChooseVisual ();
| int
| main ()
| {
| glXChooseVisual ();
|   ;
|   return 0;
| }
configure:9485: gcc -o conftest -g -O2   conftest.c -lGLX   >&5
ld: library not found for -lGLX
collect2: ld returned 1 exit status
configure:9488: $? = 1
configure: failed program was:
| #line 9461 "configure"
| /* confdefs.h.  */
| 
| #define PACKAGE_NAME ""
| #define PACKAGE_TARNAME ""
| #define PACKAGE_VERSION ""
| #define PACKAGE_STRING ""
| #define PACKAGE_BUGREPORT ""
| #define PACKAGE "viewcasts"
| #define VERSION "0.5"
| #define STDC_HEADERS 1
| #define HAVE_SYS_TYPES_H 1
| #define HAVE_SYS_STAT_H 1
| #define HAVE_STDLIB_H 1
| #define HAVE_STRING_H 1
| #define HAVE_MEMORY_H 1
| #define HAVE_STRINGS_H 1
| #define HAVE_INTTYPES_H 1
| #define HAVE_STDINT_H 1
| #define HAVE_UNISTD_H 1
| #define HAVE_DLFCN_H 1
| #define X_DISPLAY_MISSING 1
| /* end confdefs.h.  */
| 
| /* Override any gcc2 internal prototype to avoid an error.  */
| #ifdef __cplusplus
| extern "C"
| #endif
| /* We use char because int might match the return type of a gcc2
|    builtin and then its argument prototype would still apply.  */
| char glXChooseVisual ();
| int
| main ()
| {
| glXChooseVisual ();
|   ;
|   return 0;
| }
configure:9508: result: no
configure:9517: checking for library containing glutInit
configure:9548: gcc -o conftest -g -O2   conftest.c  >&5
Undefined symbols:
  "_glutInit", referenced from:
      _main in ccP3iX44.o
ld: symbol(s) not found
collect2: ld returned 1 exit status
configure:9551: $? = 1
configure: failed program was:
| #line 9524 "configure"
| /* confdefs.h.  */
| 
| #define PACKAGE_NAME ""
| #define PACKAGE_TARNAME ""
| #define PACKAGE_VERSION ""
| #define PACKAGE_STRING ""
| #define PACKAGE_BUGREPORT ""
| #define PACKAGE "viewcasts"
| #define VERSION "0.5"
| #define STDC_HEADERS 1
| #define HAVE_SYS_TYPES_H 1
| #define HAVE_SYS_STAT_H 1
| #define HAVE_STDLIB_H 1
| #define HAVE_STRING_H 1
| #define HAVE_MEMORY_H 1
| #define HAVE_STRINGS_H 1
| #define HAVE_INTTYPES_H 1
| #define HAVE_STDINT_H 1
| #define HAVE_UNISTD_H 1
| #define HAVE_DLFCN_H 1
| #define X_DISPLAY_MISSING 1
| /* end confdefs.h.  */
| 
| /* Override any gcc2 internal prototype to avoid an error.  */
| #ifdef __cplusplus
| extern "C"
| #endif
| /* We use char because int might match the return type of a gcc2
|    builtin and then its argument prototype would still apply.  */
| char glutInit ();
| int
| main ()
| {
| glutInit ();
|   ;
|   return 0;
| }
configure:9593: gcc -o conftest -g -O2   conftest.c -lglut   >&5
ld: library not found for -lglut
collect2: ld returned 1 exit status
configure:9596: $? = 1
configure: failed program was:
| #line 9569 "configure"
| /* confdefs.h.  */
| 
| #define PACKAGE_NAME ""
| #define PACKAGE_TARNAME ""
| #define PACKAGE_VERSION ""
| #define PACKAGE_STRING ""
| #define PACKAGE_BUGREPORT ""
| #define PACKAGE "viewcasts"
| #define VERSION "0.5"
| #define STDC_HEADERS 1
| #define HAVE_SYS_TYPES_H 1
| #define HAVE_SYS_STAT_H 1
| #define HAVE_STDLIB_H 1
| #define HAVE_STRING_H 1
| #define HAVE_MEMORY_H 1
| #define HAVE_STRINGS_H 1
| #define HAVE_INTTYPES_H 1
| #define HAVE_STDINT_H 1
| #define HAVE_UNISTD_H 1
| #define HAVE_DLFCN_H 1
| #define X_DISPLAY_MISSING 1
| /* end confdefs.h.  */
| 
| /* Override any gcc2 internal prototype to avoid an error.  */
| #ifdef __cplusplus
| extern "C"
| #endif
| /* We use char because int might match the return type of a gcc2
|    builtin and then its argument prototype would still apply.  */
| char glutInit ();
| int
| main ()
| {
| glutInit ();
|   ;
|   return 0;
| }
configure:9616: result: no
configure:9626: checking for OpenGL on HP
configure:9668: result: no
configure:9677: checking for library containing glVertex3f
configure:9708: gcc -o conftest -g -O2   conftest.c  >&5
Undefined symbols:
  "_glVertex3f", referenced from:
      _main in ccKH2tJw.o
ld: symbol(s) not found
collect2: ld returned 1 exit status
configure:9711: $? = 1
configure: failed program was:
| #line 9684 "configure"
| /* confdefs.h.  */
| 
| #define PACKAGE_NAME ""
| #define PACKAGE_TARNAME ""
| #define PACKAGE_VERSION ""
| #define PACKAGE_STRING ""
| #define PACKAGE_BUGREPORT ""
| #define PACKAGE "viewcasts"
| #define VERSION "0.5"
| #define STDC_HEADERS 1
| #define HAVE_SYS_TYPES_H 1
| #define HAVE_SYS_STAT_H 1
| #define HAVE_STDLIB_H 1
| #define HAVE_STRING_H 1
| #define HAVE_MEMORY_H 1
| #define HAVE_STRINGS_H 1
| #define HAVE_INTTYPES_H 1
| #define HAVE_STDINT_H 1
| #define HAVE_UNISTD_H 1
| #define HAVE_DLFCN_H 1
| #define X_DISPLAY_MISSING 1
| /* end confdefs.h.  */
| 
| /* Override any gcc2 internal prototype to avoid an error.  */
| #ifdef __cplusplus
| extern "C"
| #endif
| /* We use char because int might match the return type of a gcc2
|    builtin and then its argument prototype would still apply.  */
| char glVertex3f ();
| int
| main ()
| {
| glVertex3f ();
|   ;
|   return 0;
| }
configure:9753: gcc -o conftest -g -O2   conftest.c -lGL   >&5
ld: library not found for -lGL
collect2: ld returned 1 exit status
configure:9756: $? = 1
configure: failed program was:
| #line 9729 "configure"
| /* confdefs.h.  */
| 
| #define PACKAGE_NAME ""
| #define PACKAGE_TARNAME ""
| #define PACKAGE_VERSION ""
| #define PACKAGE_STRING ""
| #define PACKAGE_BUGREPORT ""
| #define PACKAGE "viewcasts"
| #define VERSION "0.5"
| #define STDC_HEADERS 1
| #define HAVE_SYS_TYPES_H 1
| #define HAVE_SYS_STAT_H 1
| #define HAVE_STDLIB_H 1
| #define HAVE_STRING_H 1
| #define HAVE_MEMORY_H 1
| #define HAVE_STRINGS_H 1
| #define HAVE_INTTYPES_H 1
| #define HAVE_STDINT_H 1
| #define HAVE_UNISTD_H 1
| #define HAVE_DLFCN_H 1
| #define X_DISPLAY_MISSING 1
| /* end confdefs.h.  */
| 
| /* Override any gcc2 internal prototype to avoid an error.  */
| #ifdef __cplusplus
| extern "C"
| #endif
| /* We use char because int might match the return type of a gcc2
|    builtin and then its argument prototype would still apply.  */
| char glVertex3f ();
| int
| main ()
| {
| glVertex3f ();
|   ;
|   return 0;
| }
configure:9776: result: no
configure:10760: checking for main in -lBXm
configure:10785: gcc -o conftest -g -O2   conftest.c -lBXm   >&5
ld: library not found for -lBXm
collect2: ld returned 1 exit status
configure:10788: $? = 1
configure: failed program was:
| #line 10767 "configure"
| /* confdefs.h.  */
| 
| #define PACKAGE_NAME ""
| #define PACKAGE_TARNAME ""
| #define PACKAGE_VERSION ""
| #define PACKAGE_STRING ""
| #define PACKAGE_BUGREPORT ""
| #define PACKAGE "viewcasts"
| #define VERSION "0.5"
| #define STDC_HEADERS 1
| #define HAVE_SYS_TYPES_H 1
| #define HAVE_SYS_STAT_H 1
| #define HAVE_STDLIB_H 1
| #define HAVE_STRING_H 1
| #define HAVE_MEMORY_H 1
| #define HAVE_STRINGS_H 1
| #define HAVE_INTTYPES_H 1
| #define HAVE_STDINT_H 1
| #define HAVE_UNISTD_H 1
| #define HAVE_DLFCN_H 1
| #define X_DISPLAY_MISSING 1
| #define X_DISPLAY_MISSING 1
| /* end confdefs.h.  */
| 
| 
| int
| main ()
| {
| main ();
|   ;
|   return 0;
| }
configure:10806: result: no
configure:10819: checking for glVertex3f in -lGL
configure:10850: gcc -o conftest -g -O2   conftest.c -lGL   >&5
ld: library not found for -lGL
collect2: ld returned 1 exit status
configure:10853: $? = 1
configure: failed program was:
| #line 10826 "configure"
| /* confdefs.h.  */
| 
| #define PACKAGE_NAME ""
| #define PACKAGE_TARNAME ""
| #define PACKAGE_VERSION ""
| #define PACKAGE_STRING ""
| #define PACKAGE_BUGREPORT ""
| #define PACKAGE "viewcasts"
| #define VERSION "0.5"
| #define STDC_HEADERS 1
| #define HAVE_SYS_TYPES_H 1
| #define HAVE_SYS_STAT_H 1
| #define HAVE_STDLIB_H 1
| #define HAVE_STRING_H 1
| #define HAVE_MEMORY_H 1
| #define HAVE_STRINGS_H 1
| #define HAVE_INTTYPES_H 1
| #define HAVE_STDINT_H 1
| #define HAVE_UNISTD_H 1
| #define HAVE_DLFCN_H 1
| #define X_DISPLAY_MISSING 1
| #define X_DISPLAY_MISSING 1
| /* end confdefs.h.  */
| 
| /* Override any gcc2 internal prototype to avoid an error.  */
| #ifdef __cplusplus
| extern "C"
| #endif
| /* We use char because int might match the return type of a gcc2
|    builtin and then its argument prototype would still apply.  */
| char glVertex3f ();
| int
| main ()
| {
| glVertex3f ();
|   ;
|   return 0;
| }
configure:10871: result: no
configure:10884: checking for gluSphere in -lGLU
configure:10915: gcc -o conftest -g -O2   conftest.c -lGLU   >&5
ld: library not found for -lGLU
collect2: ld returned 1 exit status
configure:10918: $? = 1
configure: failed program was:
| #line 10891 "configure"
| /* confdefs.h.  */
| 
| #define PACKAGE_NAME ""
| #define PACKAGE_TARNAME ""
| #define PACKAGE_VERSION ""
| #define PACKAGE_STRING ""
| #define PACKAGE_BUGREPORT ""
| #define PACKAGE "viewcasts"
| #define VERSION "0.5"
| #define STDC_HEADERS 1
| #define HAVE_SYS_TYPES_H 1
| #define HAVE_SYS_STAT_H 1
| #define HAVE_STDLIB_H 1
| #define HAVE_STRING_H 1
| #define HAVE_MEMORY_H 1
| #define HAVE_STRINGS_H 1
| #define HAVE_INTTYPES_H 1
| #define HAVE_STDINT_H 1
| #define HAVE_UNISTD_H 1
| #define HAVE_DLFCN_H 1
| #define X_DISPLAY_MISSING 1
| #define X_DISPLAY_MISSING 1
| /* end confdefs.h.  */
| 
| /* Override any gcc2 internal prototype to avoid an error.  */
| #ifdef __cplusplus
| extern "C"
| #endif
| /* We use char because int might match the return type of a gcc2
|    builtin and then its argument prototype would still apply.  */
| char gluSphere ();
| int
| main ()
| {
| gluSphere ();
|   ;
|   return 0;
| }
configure:10936: result: no
configure:10949: checking for main in -lGLw
configure:10974: gcc -o conftest -g -O2   conftest.c -lGLw   >&5
ld: library not found for -lGLw
collect2: ld returned 1 exit status
configure:10977: $? = 1
configure: failed program was:
| #line 10956 "configure"
| /* confdefs.h.  */
| 
| #define PACKAGE_NAME ""
| #define PACKAGE_TARNAME ""
| #define PACKAGE_VERSION ""
| #define PACKAGE_STRING ""
| #define PACKAGE_BUGREPORT ""
| #define PACKAGE "viewcasts"
| #define VERSION "0.5"
| #define STDC_HEADERS 1
| #define HAVE_SYS_TYPES_H 1
| #define HAVE_SYS_STAT_H 1
| #define HAVE_STDLIB_H 1
| #define HAVE_STRING_H 1
| #define HAVE_MEMORY_H 1
| #define HAVE_STRINGS_H 1
| #define HAVE_INTTYPES_H 1
| #define HAVE_STDINT_H 1
| #define HAVE_UNISTD_H 1
| #define HAVE_DLFCN_H 1
| #define X_DISPLAY_MISSING 1
| #define X_DISPLAY_MISSING 1
| /* end confdefs.h.  */
| 
| 
| int
| main ()
| {
| main ();
|   ;
|   return 0;
| }
configure:10995: result: no
configure:11008: checking for main in -lMrm
configure:11033: gcc -o conftest -g -O2   conftest.c -lMrm   >&5
ld: library not found for -lMrm
collect2: ld returned 1 exit status
configure:11036: $? = 1
configure: failed program was:
| #line 11015 "configure"
| /* confdefs.h.  */
| 
| #define PACKAGE_NAME ""
| #define PACKAGE_TARNAME ""
| #define PACKAGE_VERSION ""
| #define PACKAGE_STRING ""
| #define PACKAGE_BUGREPORT ""
| #define PACKAGE "viewcasts"
| #define VERSION "0.5"
| #define STDC_HEADERS 1
| #define HAVE_SYS_TYPES_H 1
| #define HAVE_SYS_STAT_H 1
| #define HAVE_STDLIB_H 1
| #define HAVE_STRING_H 1
| #define HAVE_MEMORY_H 1
| #define HAVE_STRINGS_H 1
| #define HAVE_INTTYPES_H 1
| #define HAVE_STDINT_H 1
| #define HAVE_UNISTD_H 1
| #define HAVE_DLFCN_H 1
| #define X_DISPLAY_MISSING 1
| #define X_DISPLAY_MISSING 1
| /* end confdefs.h.  */
| 
| 
| int
| main ()
| {
| main ();
|   ;
|   return 0;
| }
configure:11054: result: no
configure:11067: checking for XLookupString in -lX11
configure:11098: gcc -o conftest -g -O2   conftest.c -lX11   >&5
ld: library not found for -lX11
collect2: ld returned 1 exit status
configure:11101: $? = 1
configure: failed program was:
| #line 11074 "configure"
| /* confdefs.h.  */
| 
| #define PACKAGE_NAME ""
| #define PACKAGE_TARNAME ""
| #define PACKAGE_VERSION ""
| #define PACKAGE_STRING ""
| #define PACKAGE_BUGREPORT ""
| #define PACKAGE "viewcasts"
| #define VERSION "0.5"
| #define STDC_HEADERS 1
| #define HAVE_SYS_TYPES_H 1
| #define HAVE_SYS_STAT_H 1
| #define HAVE_STDLIB_H 1
| #define HAVE_STRING_H 1
| #define HAVE_MEMORY_H 1
| #define HAVE_STRINGS_H 1
| #define HAVE_INTTYPES_H 1
| #define HAVE_STDINT_H 1
| #define HAVE_UNISTD_H 1
| #define HAVE_DLFCN_H 1
| #define X_DISPLAY_MISSING 1
| #define X_DISPLAY_MISSING 1
| /* end confdefs.h.  */
| 
| /* Override any gcc2 internal prototype to avoid an error.  */
| #ifdef __cplusplus
| extern "C"
| #endif
| /* We use char because int might match the return type of a gcc2
|    builtin and then its argument prototype would still apply.  */
| char XLookupString ();
| int
| main ()
| {
| XLookupString ();
|   ;
|   return 0;
| }
configure:11119: result: no
configure:11132: checking for main in -lXext
configure:11157: gcc -o conftest -g -O2   conftest.c -lXext   >&5
ld: library not found for -lXext
collect2: ld returned 1 exit status
configure:11160: $? = 1
configure: failed program was:
| #line 11139 "configure"
| /* confdefs.h.  */
| 
| #define PACKAGE_NAME ""
| #define PACKAGE_TARNAME ""
| #define PACKAGE_VERSION ""
| #define PACKAGE_STRING ""
| #define PACKAGE_BUGREPORT ""
| #define PACKAGE "viewcasts"
| #define VERSION "0.5"
| #define STDC_HEADERS 1
| #define HAVE_SYS_TYPES_H 1
| #define HAVE_SYS_STAT_H 1
| #define HAVE_STDLIB_H 1
| #define HAVE_STRING_H 1
| #define HAVE_MEMORY_H 1
| #define HAVE_STRINGS_H 1
| #define HAVE_INTTYPES_H 1
| #define HAVE_STDINT_H 1
| #define HAVE_UNISTD_H 1
| #define HAVE_DLFCN_H 1
| #define X_DISPLAY_MISSING 1
| #define X_DISPLAY_MISSING 1
| /* end confdefs.h.  */
| 
| 
| int
| main ()
| {
| main ();
|   ;
|   return 0;
| }
configure:11178: result: no
configure:11191: checking for XmCreateDrawingArea in -lXm
configure:11222: gcc -o conftest -g -O2   conftest.c -lXm   >&5
ld: library not found for -lXm
collect2: ld returned 1 exit status
configure:11225: $? = 1
configure: failed program was:
| #line 11198 "configure"
| /* confdefs.h.  */
| 
| #define PACKAGE_NAME ""
| #define PACKAGE_TARNAME ""
| #define PACKAGE_VERSION ""
| #define PACKAGE_STRING ""
| #define PACKAGE_BUGREPORT ""
| #define PACKAGE "viewcasts"
| #define VERSION "0.5"
| #define STDC_HEADERS 1
| #define HAVE_SYS_TYPES_H 1
| #define HAVE_SYS_STAT_H 1
| #define HAVE_STDLIB_H 1
| #define HAVE_STRING_H 1
| #define HAVE_MEMORY_H 1
| #define HAVE_STRINGS_H 1
| #define HAVE_INTTYPES_H 1
| #define HAVE_STDINT_H 1
| #define HAVE_UNISTD_H 1
| #define HAVE_DLFCN_H 1
| #define X_DISPLAY_MISSING 1
| #define X_DISPLAY_MISSING 1
| /* end confdefs.h.  */
| 
| /* Override any gcc2 internal prototype to avoid an error.  */
| #ifdef __cplusplus
| extern "C"
| #endif
| /* We use char because int might match the return type of a gcc2
|    builtin and then its argument prototype would still apply.  */
| char XmCreateDrawingArea ();
| int
| main ()
| {
| XmCreateDrawingArea ();
|   ;
|   return 0;
| }
configure:11243: result: no
configure:11256: checking for main in -lXmu
configure:11281: gcc -o conftest -g -O2   conftest.c -lXmu   >&5
ld: library not found for -lXmu
collect2: ld returned 1 exit status
configure:11284: $? = 1
configure: failed program was:
| #line 11263 "configure"
| /* confdefs.h.  */
| 
| #define PACKAGE_NAME ""
| #define PACKAGE_TARNAME ""
| #define PACKAGE_VERSION ""
| #define PACKAGE_STRING ""
| #define PACKAGE_BUGREPORT ""
| #define PACKAGE "viewcasts"
| #define VERSION "0.5"
| #define STDC_HEADERS 1
| #define HAVE_SYS_TYPES_H 1
| #define HAVE_SYS_STAT_H 1
| #define HAVE_STDLIB_H 1
| #define HAVE_STRING_H 1
| #define HAVE_MEMORY_H 1
| #define HAVE_STRINGS_H 1
| #define HAVE_INTTYPES_H 1
| #define HAVE_STDINT_H 1
| #define HAVE_UNISTD_H 1
| #define HAVE_DLFCN_H 1
| #define X_DISPLAY_MISSING 1
| #define X_DISPLAY_MISSING 1
| /* end confdefs.h.  */
| 
| 
| int
| main ()
| {
| main ();
|   ;
|   return 0;
| }
configure:11302: result: no
configure:11315: checking for XtAppInitialize in -lXt
configure:11346: gcc -o conftest -g -O2   conftest.c -lXt   >&5
ld: library not found for -lXt
collect2: ld returned 1 exit status
configure:11349: $? = 1
configure: failed program was:
| #line 11322 "configure"
| /* confdefs.h.  */
| 
| #define PACKAGE_NAME ""
| #define PACKAGE_TARNAME ""
| #define PACKAGE_VERSION ""
| #define PACKAGE_STRING ""
| #define PACKAGE_BUGREPORT ""
| #define PACKAGE "viewcasts"
| #define VERSION "0.5"
| #define STDC_HEADERS 1
| #define HAVE_SYS_TYPES_H 1
| #define HAVE_SYS_STAT_H 1
| #define HAVE_STDLIB_H 1
| #define HAVE_STRING_H 1
| #define HAVE_MEMORY_H 1
| #define HAVE_STRINGS_H 1
| #define HAVE_INTTYPES_H 1
| #define HAVE_STDINT_H 1
| #define HAVE_UNISTD_H 1
| #define HAVE_DLFCN_H 1
| #define X_DISPLAY_MISSING 1
| #define X_DISPLAY_MISSING 1
| /* end confdefs.h.  */
| 
| /* Override any gcc2 internal prototype to avoid an error.  */
| #ifdef __cplusplus
| extern "C"
| #endif
| /* We use char because int might match the return type of a gcc2
|    builtin and then its argument prototype would still apply.  */
| char XtAppInitialize ();
| int
| main ()
| {
| XtAppInitialize ();
|   ;
|   return 0;
| }
configure:11367: result: no
configure:11380: checking for main in -lc
configure:11405: gcc -o conftest -g -O2   conftest.c -lc   >&5
configure:11408: $? = 0
configure:11411: test -s conftest
configure:11414: $? = 0
configure:11426: result: yes
configure:11439: checking for glutInit in -lglut
configure:11470: gcc -o conftest -g -O2   conftest.c -lglut  -lc  >&5
ld: library not found for -lglut
collect2: ld returned 1 exit status
configure:11473: $? = 1
configure: failed program was:
| #line 11446 "configure"
| /* confdefs.h.  */
| 
| #define PACKAGE_NAME ""
| #define PACKAGE_TARNAME ""
| #define PACKAGE_VERSION ""
| #define PACKAGE_STRING ""
| #define PACKAGE_BUGREPORT ""
| #define PACKAGE "viewcasts"
| #define VERSION "0.5"
| #define STDC_HEADERS 1
| #define HAVE_SYS_TYPES_H 1
| #define HAVE_SYS_STAT_H 1
| #define HAVE_STDLIB_H 1
| #define HAVE_STRING_H 1
| #define HAVE_MEMORY_H 1
| #define HAVE_STRINGS_H 1
| #define HAVE_INTTYPES_H 1
| #define HAVE_STDINT_H 1
| #define HAVE_UNISTD_H 1
| #define HAVE_DLFCN_H 1
| #define X_DISPLAY_MISSING 1
| #define X_DISPLAY_MISSING 1
| #define HAVE_LIBC 1
| /* end confdefs.h.  */
| 
| /* Override any gcc2 internal prototype to avoid an error.  */
| #ifdef __cplusplus
| extern "C"
| #endif
| /* We use char because int might match the return type of a gcc2
|    builtin and then its argument prototype would still apply.  */
| char glutInit ();
| int
| main ()
| {
| glutInit ();
|   ;
|   return 0;
| }
configure:11491: result: no
configure:11504: checking for cos in -lm
configure:11535: gcc -o conftest -g -O2   conftest.c -lm  -lc  >&5
configure:11542: warning: conflicting types for built-in function 'cos'
configure:11538: $? = 0
configure:11541: test -s conftest
configure:11544: $? = 0
configure:11556: result: yes
configure:11577: checking for dirent.h that defines DIR
configure:11602: gcc -c -g -O2  conftest.c >&5
configure:11605: $? = 0
configure:11608: test -s conftest.o
configure:11611: $? = 0
configure:11622: result: yes
configure:11635: checking for library containing opendir
configure:11666: gcc -o conftest -g -O2   conftest.c -lm -lc  >&5
configure:11669: $? = 0
configure:11672: test -s conftest
configure:11675: $? = 0
configure:11734: result: none required
configure:11850: checking for ANSI C header files
configure:12000: result: yes
configure:12032: checking stdio.h usability
configure:12045: gcc -c -g -O2  conftest.c >&5
configure:12048: $? = 0
configure:12051: test -s conftest.o
configure:12054: $? = 0
configure:12064: result: yes
configure:12068: checking stdio.h presence
configure:12079: gcc -E  conftest.c
configure:12085: $? = 0
configure:12104: result: yes
configure:12140: checking for stdio.h
configure:12147: result: yes
configure:12032: checking fcntl.h usability
configure:12045: gcc -c -g -O2  conftest.c >&5
configure:12048: $? = 0
configure:12051: test -s conftest.o
configure:12054: $? = 0
configure:12064: result: yes
configure:12068: checking fcntl.h presence
configure:12079: gcc -E  conftest.c
configure:12085: $? = 0
configure:12104: result: yes
configure:12140: checking for fcntl.h
configure:12147: result: yes
configure:12032: checking limits.h usability
configure:12045: gcc -c -g -O2  conftest.c >&5
configure:12048: $? = 0
configure:12051: test -s conftest.o
configure:12054: $? = 0
configure:12064: result: yes
configure:12068: checking limits.h presence
configure:12079: gcc -E  conftest.c
configure:12085: $? = 0
configure:12104: result: yes
configure:12140: checking for limits.h
configure:12147: result: yes
configure:12032: checking malloc.h usability
configure:12045: gcc -c -g -O2  conftest.c >&5
configure:12098:20: error: malloc.h: No such file or directory
configure:12048: $? = 1
configure: failed program was:
| #line 12034 "configure"
| /* confdefs.h.  */
| 
| #define PACKAGE_NAME ""
| #define PACKAGE_TARNAME ""
| #define PACKAGE_VERSION ""
| #define PACKAGE_STRING ""
| #define PACKAGE_BUGREPORT ""
| #define PACKAGE "viewcasts"
| #define VERSION "0.5"
| #define STDC_HEADERS 1
| #define HAVE_SYS_TYPES_H 1
| #define HAVE_SYS_STAT_H 1
| #define HAVE_STDLIB_H 1
| #define HAVE_STRING_H 1
| #define HAVE_MEMORY_H 1
| #define HAVE_STRINGS_H 1
| #define HAVE_INTTYPES_H 1
| #define HAVE_STDINT_H 1
| #define HAVE_UNISTD_H 1
| #define HAVE_DLFCN_H 1
| #define X_DISPLAY_MISSING 1
| #define X_DISPLAY_MISSING 1
| #define HAVE_LIBC 1
| #define HAVE_LIBM 1
| #define HAVE_DIRENT_H 1
| #define STDC_HEADERS 1
| #define HAVE_STDIO_H 1
| #define HAVE_FCNTL_H 1
| #define HAVE_LIMITS_H 1
| /* end confdefs.h.  */
| #include <stdio.h>
| #if HAVE_SYS_TYPES_H
| # include <sys/types.h>
| #endif
| #if HAVE_SYS_STAT_H
| # include <sys/stat.h>
| #endif
| #if STDC_HEADERS
| # include <stdlib.h>
| # include <stddef.h>
| #else
| # if HAVE_STDLIB_H
| #  include <stdlib.h>
| # endif
| #endif
| #if HAVE_STRING_H
| # if !STDC_HEADERS && HAVE_MEMORY_H
| #  include <memory.h>
| # endif
| # include <string.h>
| #endif
| #if HAVE_STRINGS_H
| # include <strings.h>
| #endif
| #if HAVE_INTTYPES_H
| # include <inttypes.h>
| #else
| # if HAVE_STDINT_H
| #  include <stdint.h>
| # endif
| #endif
| #if HAVE_UNISTD_H
| # include <unistd.h>
| #endif
| #include <malloc.h>
configure:12064: result: no
configure:12068: checking malloc.h presence
configure:12079: gcc -E  conftest.c
configure:12100:20: error: malloc.h: No such file or directory
configure:12085: $? = 1
configure: failed program was:
| #line 12070 "configure"
| /* confdefs.h.  */
| 
| #define PACKAGE_NAME ""
| #define PACKAGE_TARNAME ""
| #define PACKAGE_VERSION ""
| #define PACKAGE_STRING ""
| #define PACKAGE_BUGREPORT ""
| #define PACKAGE "viewcasts"
| #define VERSION "0.5"
| #define STDC_HEADERS 1
| #define HAVE_SYS_TYPES_H 1
| #define HAVE_SYS_STAT_H 1
| #define HAVE_STDLIB_H 1
| #define HAVE_STRING_H 1
| #define HAVE_MEMORY_H 1
| #define HAVE_STRINGS_H 1
| #define HAVE_INTTYPES_H 1
| #define HAVE_STDINT_H 1
| #define HAVE_UNISTD_H 1
| #define HAVE_DLFCN_H 1
| #define X_DISPLAY_MISSING 1
| #define X_DISPLAY_MISSING 1
| #define HAVE_LIBC 1
| #define HAVE_LIBM 1
| #define HAVE_DIRENT_H 1
| #define STDC_HEADERS 1
| #define HAVE_STDIO_H 1
| #define HAVE_FCNTL_H 1
| #define HAVE_LIMITS_H 1
| /* end confdefs.h.  */
| #include <malloc.h>
configure:12104: result: no
configure:12140: checking for malloc.h
configure:12147: result: no
configure:12032: checking stddef.h usability
configure:12045: gcc -c -g -O2  conftest.c >&5
configure:12048: $? = 0
configure:12051: test -s conftest.o
configure:12054: $? = 0
configure:12064: result: yes
configure:12068: checking stddef.h presence
configure:12079: gcc -E  conftest.c
configure:12085: $? = 0
configure:12104: result: yes
configure:12140: checking for stddef.h
configure:12147: result: yes
configure:12023: checking for stdlib.h
configure:12028: result: yes
configure:12023: checking for string.h
configure:12028: result: yes
configure:12032: checking sys/time.h usability
configure:12045: gcc -c -g -O2  conftest.c >&5
configure:12048: $? = 0
configure:12051: test -s conftest.o
configure:12054: $? = 0
configure:12064: result: yes
configure:12068: checking sys/time.h presence
configure:12079: gcc -E  conftest.c
configure:12085: $? = 0
configure:12104: result: yes
configure:12140: checking for sys/time.h
configure:12147: result: yes
configure:12023: checking for unistd.h
configure:12028: result: yes
configure:12162: checking for an ANSI C-conforming const
configure:12230: gcc -c -g -O2  conftest.c >&5
configure:12233: $? = 0
configure:12236: test -s conftest.o
configure:12239: $? = 0
configure:12250: result: yes
configure:12260: checking for size_t
configure:12285: gcc -c -g -O2  conftest.c >&5
configure:12288: $? = 0
configure:12291: test -s conftest.o
configure:12294: $? = 0
configure:12305: result: yes
configure:12317: checking whether time.h and sys/time.h may both be included
configure:12343: gcc -c -g -O2  conftest.c >&5
configure:12346: $? = 0
configure:12349: test -s conftest.o
configure:12352: $? = 0
configure:12363: result: yes
configure:12379: checking for vprintf
configure:12429: gcc -o conftest -g -O2   conftest.c -lm -lc  >&5
configure:12436: warning: conflicting types for built-in function 'vprintf'
configure:12432: $? = 0
configure:12435: test -s conftest
configure:12438: $? = 0
configure:12449: result: yes
configure:12456: checking for _doprnt
configure:12506: gcc -o conftest -g -O2   conftest.c -lm -lc  >&5
Undefined symbols:
  "__doprnt", referenced from:
      _main in ccjYXcWO.o
      _f in ccjYXcWO.o
ld: symbol(s) not found
collect2: ld returned 1 exit status
configure:12509: $? = 1
configure: failed program was:
| #line 12461 "configure"
| /* confdefs.h.  */
| 
| #define PACKAGE_NAME ""
| #define PACKAGE_TARNAME ""
| #define PACKAGE_VERSION ""
| #define PACKAGE_STRING ""
| #define PACKAGE_BUGREPORT ""
| #define PACKAGE "viewcasts"
| #define VERSION "0.5"
| #define STDC_HEADERS 1
| #define HAVE_SYS_TYPES_H 1
| #define HAVE_SYS_STAT_H 1
| #define HAVE_STDLIB_H 1
| #define HAVE_STRING_H 1
| #define HAVE_MEMORY_H 1
| #define HAVE_STRINGS_H 1
| #define HAVE_INTTYPES_H 1
| #define HAVE_STDINT_H 1
| #define HAVE_UNISTD_H 1
| #define HAVE_DLFCN_H 1
| #define X_DISPLAY_MISSING 1
| #define X_DISPLAY_MISSING 1
| #define HAVE_LIBC 1
| #define HAVE_LIBM 1
| #define HAVE_DIRENT_H 1
| #define STDC_HEADERS 1
| #define HAVE_STDIO_H 1
| #define HAVE_FCNTL_H 1
| #define HAVE_LIMITS_H 1
| #define HAVE_STDDEF_H 1
| #define HAVE_STDLIB_H 1
| #define HAVE_STRING_H 1
| #define HAVE_SYS_TIME_H 1
| #define HAVE_UNISTD_H 1
| #define TIME_WITH_SYS_TIME 1
| #define HAVE_VPRINTF 1
| /* end confdefs.h.  */
| /* System header to define __stub macros and hopefully few prototypes,
|     which can conflict with char _doprnt (); below.
|     Prefer <limits.h> to <assert.h> if __STDC__ is defined, since
|     <limits.h> exists even on freestanding compilers.  */
| #ifdef __STDC__
| # include <limits.h>
| #else
| # include <assert.h>
| #endif
| /* Override any gcc2 internal prototype to avoid an error.  */
| #ifdef __cplusplus
| extern "C"
| {
| #endif
| /* We use char because int might match the return type of a gcc2
|    builtin and then its argument prototype would still apply.  */
| char _doprnt ();
| /* The GNU C library defines this for functions which it implements
|     to always fail with ENOSYS.  Some functions are actually named
|     something starting with __ and the normal name is an alias.  */
| #if defined (__stub__doprnt) || defined (__stub____doprnt)
| choke me
| #else
| char (*f) () = _doprnt;
| #endif
| #ifdef __cplusplus
| }
| #endif
| 
| int
| main ()
| {
| return f != _doprnt;
|   ;
|   return 0;
| }
configure:12526: result: no
configure:12557: checking for bzero
configure:12607: gcc -o conftest -g -O2   conftest.c -lm -lc  >&5
configure:12615: warning: conflicting types for built-in function 'bzero'
configure:12610: $? = 0
configure:12613: test -s conftest
configure:12616: $? = 0
configure:12627: result: yes
configure:12557: checking for floor
configure:12607: gcc -o conftest -g -O2   conftest.c -lm -lc  >&5
configure:12616: warning: conflicting types for built-in function 'floor'
configure:12610: $? = 0
configure:12613: test -s conftest
configure:12616: $? = 0
configure:12627: result: yes
configure:12557: checking for gettimeofday
configure:12607: gcc -o conftest -g -O2   conftest.c -lm -lc  >&5
configure:12610: $? = 0
configure:12613: test -s conftest
configure:12616: $? = 0
configure:12627: result: yes
configure:12557: checking for memmove
configure:12607: gcc -o conftest -g -O2   conftest.c -lm -lc  >&5
configure:12618: warning: conflicting types for built-in function 'memmove'
configure:12610: $? = 0
configure:12613: test -s conftest
configure:12616: $? = 0
configure:12627: result: yes
configure:12557: checking for memset
configure:12607: gcc -o conftest -g -O2   conftest.c -lm -lc  >&5
configure:12619: warning: conflicting types for built-in function 'memset'
configure:12610: $? = 0
configure:12613: test -s conftest
configure:12616: $? = 0
configure:12627: result: yes
configure:12557: checking for pow
configure:12607: gcc -o conftest -g -O2   conftest.c -lm -lc  >&5
configure:12620: warning: conflicting types for built-in function 'pow'
configure:12610: $? = 0
configure:12613: test -s conftest
configure:12616: $? = 0
configure:12627: result: yes
configure:12557: checking for putenv
configure:12607: gcc -o conftest -g -O2   conftest.c -lm -lc  >&5
configure:12610: $? = 0
configure:12613: test -s conftest
configure:12616: $? = 0
configure:12627: result: yes
configure:12557: checking for sqrt
configure:12607: gcc -o conftest -g -O2   conftest.c -lm -lc  >&5
configure:12622: warning: conflicting types for built-in function 'sqrt'
configure:12610: $? = 0
configure:12613: test -s conftest
configure:12616: $? = 0
configure:12627: result: yes
configure:12557: checking for strcasecmp
configure:12607: gcc -o conftest -g -O2   conftest.c -lm -lc  >&5
configure:12623: warning: conflicting types for built-in function 'strcasecmp'
configure:12610: $? = 0
configure:12613: test -s conftest
configure:12616: $? = 0
configure:12627: result: yes
configure:12557: checking for strdup
configure:12607: gcc -o conftest -g -O2   conftest.c -lm -lc  >&5
configure:12624: warning: conflicting types for built-in function 'strdup'
configure:12610: $? = 0
configure:12613: test -s conftest
configure:12616: $? = 0
configure:12627: result: yes
configure:12557: checking for strerror
configure:12607: gcc -o conftest -g -O2   conftest.c -lm -lc  >&5
configure:12610: $? = 0
configure:12613: test -s conftest
configure:12616: $? = 0
configure:12627: result: yes
configure:12557: checking for strncmp
configure:12607: gcc -o conftest -g -O2   conftest.c -lm -lc  >&5
configure:12626: warning: conflicting types for built-in function 'strncmp'
configure:12610: $? = 0
configure:12613: test -s conftest
configure:12616: $? = 0
configure:12627: result: yes
configure:12557: checking for strrchr
configure:12607: gcc -o conftest -g -O2   conftest.c -lm -lc  >&5
configure:12627: warning: conflicting types for built-in function 'strrchr'
configure:12610: $? = 0
configure:12613: test -s conftest
configure:12616: $? = 0
configure:12627: result: yes
configure:12557: checking for strstr
configure:12607: gcc -o conftest -g -O2   conftest.c -lm -lc  >&5
configure:12628: warning: conflicting types for built-in function 'strstr'
configure:12610: $? = 0
configure:12613: test -s conftest
configure:12616: $? = 0
configure:12627: result: yes
configure:12644: result:
viewcasts is using the following for compiling and linking OpenGL programs:

  GL_CFLAGS: 
    GL_LIBS: 

configure:12769: creating ./config.status

## ---------------------- ##
## Running config.status. ##
## ---------------------- ##

This file was extended by config.status, which was
generated by GNU Autoconf 2.57.  Invocation command line was

  CONFIG_FILES    = 
  CONFIG_HEADERS  = 
  CONFIG_LINKS    = 
  CONFIG_COMMANDS = 
  $ ./config.status 

on Toni-Ivass-MacBook-Pro.local

config.status:699: creating Makefile
config.status:699: creating graphics/Makefile
config.status:699: creating init/Makefile
config.status:699: creating ioclient/Makefile
config.status:699: creating lib/Makefile
config.status:699: creating lib/malloc/Makefile
config.status:699: creating lib/opengllib/Makefile
config.status:699: creating lib/utilii/Makefile
config.status:699: creating lib/widgets/Makefile
config.status:699: creating lib/image/Makefile
config.status:699: creating lib/cii/Makefile
config.status:699: creating lib/cii/src/Makefile
config.status:699: creating lib/cii/include/Makefile
config.status:699: creating lib/cii/examples/Makefile
config.status:699: creating include/Makefile
config.status:699: creating bxwidgets/Makefile
config.status:699: creating bxwidgets/include/Makefile
config.status:699: creating bxwidgets/lib/Makefile
config.status:699: creating motif/Makefile
config.status:803: creating config.h
config.status:1108: executing depfiles commands

## ---------------- ##
## Cache variables. ##
## ---------------- ##

ac_cv_build=i386-apple-darwin10.4.0
ac_cv_build_alias=i386-apple-darwin10.4.0
ac_cv_c_compiler_gnu=yes
ac_cv_c_const=yes
ac_cv_env_CC_set=
ac_cv_env_CC_value=
ac_cv_env_CFLAGS_set=
ac_cv_env_CFLAGS_value=
ac_cv_env_CPPFLAGS_set=
ac_cv_env_CPPFLAGS_value=
ac_cv_env_CPP_set=
ac_cv_env_CPP_value=
ac_cv_env_LDFLAGS_set=
ac_cv_env_LDFLAGS_value=
ac_cv_env_build_alias_set=
ac_cv_env_build_alias_value=
ac_cv_env_host_alias_set=
ac_cv_env_host_alias_value=
ac_cv_env_target_alias_set=
ac_cv_env_target_alias_value=
ac_cv_exeext=
ac_cv_func__doprnt=no
ac_cv_func_bzero=yes
ac_cv_func_floor=yes
ac_cv_func_gettimeofday=yes
ac_cv_func_memmove=yes
ac_cv_func_memset=yes
ac_cv_func_pow=yes
ac_cv_func_putenv=yes
ac_cv_func_sqrt=yes
ac_cv_func_strcasecmp=yes
ac_cv_func_strdup=yes
ac_cv_func_strerror=yes
ac_cv_func_strncmp=yes
ac_cv_func_strrchr=yes
ac_cv_func_strstr=yes
ac_cv_func_vprintf=yes
ac_cv_have_x=have_x=no
ac_cv_header_dirent_dirent_h=yes
ac_cv_header_dlfcn_h=yes
ac_cv_header_fcntl_h=yes
ac_cv_header_inttypes_h=yes
ac_cv_header_limits_h=yes
ac_cv_header_malloc_h=no
ac_cv_header_memory_h=yes
ac_cv_header_stdc=yes
ac_cv_header_stddef_h=yes
ac_cv_header_stdint_h=yes
ac_cv_header_stdio_h=yes
ac_cv_header_stdlib_h=yes
ac_cv_header_string_h=yes
ac_cv_header_strings_h=yes
ac_cv_header_sys_stat_h=yes
ac_cv_header_sys_time_h=yes
ac_cv_header_sys_types_h=yes
ac_cv_header_time=yes
ac_cv_header_unistd_h=yes
ac_cv_host=i386-apple-darwin10.4.0
ac_cv_host_alias=i386-apple-darwin10.4.0
ac_cv_lib_BXm_main=no
ac_cv_lib_GLU_gluSphere=no
ac_cv_lib_GL_glVertex3f=no
ac_cv_lib_GLw_main=no
ac_cv_lib_Mrm_main=no
ac_cv_lib_X11_XLookupString=no
ac_cv_lib_Xext_main=no
ac_cv_lib_Xm_XmCreateDrawingArea=no
ac_cv_lib_Xmu_main=no
ac_cv_lib_Xt_XtAppInitialize=no
ac_cv_lib_c_main=yes
ac_cv_lib_glut_glutInit=no
ac_cv_lib_m_cos=yes
ac_cv_objext=o
ac_cv_path_UIL=/opt/local/bin/uil
ac_cv_path_install='/usr/bin/install -c'
ac_cv_prog_AWK=awk
ac_cv_prog_CPP='gcc -E'
ac_cv_prog_ac_ct_CC=gcc
ac_cv_prog_ac_ct_RANLIB=ranlib
ac_cv_prog_ac_ct_STRIP=strip
ac_cv_prog_cc_g=yes
ac_cv_prog_cc_stdc=
ac_cv_prog_egrep='grep -E'
ac_cv_prog_make_make_set=yes
ac_cv_search_glAccum=no
ac_cv_search_glVertex3f=no
ac_cv_search_glXChooseVisual=no
ac_cv_search_gluBeginCurve=no
ac_cv_search_glutInit=no
ac_cv_search_opendir='none required'
ac_cv_type_size_t=yes
am_cv_CC_dependencies_compiler_type=gcc3
lt_cv_compiler_c_o=yes
lt_cv_compiler_o_lo=yes
lt_cv_deplibs_check_method='file_magic Mach-O dynamically linked shared library'
lt_cv_file_magic_cmd='/usr/bin/file -L'
lt_cv_file_magic_test_file=/usr/lib/libSystem.dylib
lt_cv_global_symbol_to_c_name_address='sed -n -e '\''s/^: \([^ ]*\) $/  {\"\1\", (lt_ptr) 0},/p'\'' -e '\''s/^[BCDEGRST] \([^ ]*\) \([^ ]*\)$/  {"\2", (lt_ptr) \&\2},/p'\'''
lt_cv_global_symbol_to_cdecl='sed -n -e '\''s/^. .* \(.*\)$/extern char \1;/p'\'''
lt_cv_ld_reload_flag=-r
lt_cv_path_LD=/usr/libexec/gcc/i686-apple-darwin10/4.2.1/ld
lt_cv_path_NM=/usr/bin/nm
lt_cv_prog_cc_can_build_shared=yes
lt_cv_prog_cc_no_builtin=
lt_cv_prog_cc_pic=' -fno-common'
lt_cv_prog_cc_pic_works=yes
lt_cv_prog_cc_shlib=
lt_cv_prog_cc_static=
lt_cv_prog_cc_static_works=no
lt_cv_prog_cc_wl=-Wl,
lt_cv_prog_gnu_ld=no
lt_cv_sys_global_symbol_pipe='sed -n -e '\''s/^.*[ 	]\([BCDEGRST][BCDEGRST]*\)[ 	][ 	]*\(_\)\([_A-Za-z][_A-Za-z0-9]*\)$/\1 \2\3 \3/p'\'''
mdl_cv_GL_CFLAGS=
mdl_cv_GL_LIBS=
mdl_cv_have_GL=no
mdl_cv_have_GLU=no
mdl_cv_have_GLX=no
mdl_cv_have_OpenGL=no
mdl_cv_have_glut=no

## ----------------- ##
## Output variables. ##
## ----------------- ##

ACLOCAL='${SHELL} /Users/toniivas/Documents/CODE/viewcasts-0.5/config/missing --run aclocal-1.7'
AMDEPBACKSLASH='\'
AMDEP_FALSE='#'
AMDEP_TRUE=''
AMTAR='${SHELL} /Users/toniivas/Documents/CODE/viewcasts-0.5/config/missing --run tar'
AUTOCONF='${SHELL} /Users/toniivas/Documents/CODE/viewcasts-0.5/config/missing --run autoconf'
AUTOHEADER='${SHELL} /Users/toniivas/Documents/CODE/viewcasts-0.5/config/missing --run autoheader'
AUTOMAKE='${SHELL} /Users/toniivas/Documents/CODE/viewcasts-0.5/config/missing --run automake-1.7'
AWK='awk'
CC='gcc'
CCAS='$(CC)'
CCASFLAGS='$(CFLAGS)'
CCDEPMODE='depmode=gcc3'
CFLAGS='-g -O2'
CPP='gcc -E'
CPPFLAGS=''
CYGPATH_W='echo'
DEFS='-DHAVE_CONFIG_H'
DEPDIR='.deps'
ECHO='/bin/echo'
ECHO_C='ECHO_N=''
ECHO_T=''
EGREP='grep -E'
EXEEXT=''
FLEXlm=''
GLCOLORCHOOSER=' '
GL_CFLAGS=''
GL_LIBS=''
INSTALL_DATA='${INSTALL} -m 644'
INSTALL_PROGRAM='${INSTALL}'
INSTALL_SCRIPT='${INSTALL}'
INSTALL_STRIP_PROGRAM='${SHELL} $(install_sh) -c -s'
LDFLAGS=''
LIBOBJS=''
LIBS='-lm -lc '
LIBTOOL='$(SHELL) $(top_builddir)/libtool'
LN_S='ln -s'
LTLIBOBJS=''
MAKEINFO='${SHELL} /Users/toniivas/Documents/CODE/viewcasts-0.5/config/missing --run makeinfo'
NOTANGLE='/usr/people/ivas/bin/notangle'
NOWEAVE='/usr/people/ivas/bin/noweave'
OBJEXT='o'
PACKAGE='viewcasts'
PACKAGE_BUGREPORT=''
PACKAGE_NAME=''
PACKAGE_STRING=''
PACKAGE_TARNAME=''
PACKAGE_VERSION=''
PATH_SEPARATOR=':'
RANLIB='ranlib'
SET_MAKE=''
SGMLIB=' '
SHELL='/bin/sh'
STRIP='strip'
UIL='/opt/local/bin/uil'
USE_GL_FALSE=''
USE_GL_TRUE='#'
VERSION='0.5'
X_CFLAGS=''
X_EXTRA_LIBS=''
X_LIBS=''
X_PRE_LIBS=''
ac_ct_CC='gcc'
ac_ct_RANLIB='ranlib'
ac_ct_STRIP='strip'
am__fastdepCC_FALSE='#'
am__fastdepCC_TRUE=''
am__include='include'
am__leading_dot='.'
am__quote=''
bindir='${exec_prefix}/bin'
build='i386-apple-darwin10.4.0'
build_alias=''
build_cpu='i386'
build_os='darwin10.4.0'
build_vendor='apple'
datadir='${prefix}/share'
exec_prefix='${prefix}'
host='i386-apple-darwin10.4.0'
host_alias=''
host_cpu='i386'
host_os='darwin10.4.0'
host_vendor='apple'
includedir='${prefix}/include'
infodir='${prefix}/info'
install_sh='/Users/toniivas/Documents/CODE/viewcasts-0.5/config/install-sh'
libdir='${exec_prefix}/lib'
libexecdir='${exec_prefix}/libexec'
localstatedir='${prefix}/var'
mandir='${prefix}/man'
oldincludedir='/usr/include'
prefix='/usr/local'
program_transform_name='s,x,x,'
sbindir='${exec_prefix}/sbin'
sharedstatedir='${prefix}/com'
sysconfdir='${prefix}/etc'
target_alias=''

## ----------- ##
## confdefs.h. ##
## ----------- ##

#define HAVE_BZERO 1
#define HAVE_DIRENT_H 1
#define HAVE_DLFCN_H 1
#define HAVE_FCNTL_H 1
#define HAVE_FLOOR 1
#define HAVE_GETTIMEOFDAY 1
#define HAVE_INTTYPES_H 1
#define HAVE_LIBC 1
#define HAVE_LIBM 1
#define HAVE_LIMITS_H 1
#define HAVE_MEMMOVE 1
#define HAVE_MEMORY_H 1
#define HAVE_MEMSET 1
#define HAVE_POW 1
#define HAVE_PUTENV 1
#define HAVE_SQRT 1
#define HAVE_STDDEF_H 1
#define HAVE_STDINT_H 1
#define HAVE_STDIO_H 1
#define HAVE_STDLIB_H 1
#define HAVE_STDLIB_H 1
#define HAVE_STRCASECMP 1
#define HAVE_STRDUP 1
#define HAVE_STRERROR 1
#define HAVE_STRINGS_H 1
#define HAVE_STRING_H 1
#define HAVE_STRING_H 1
#define HAVE_STRNCMP 1
#define HAVE_STRRCHR 1
#define HAVE_STRSTR 1
#define HAVE_SYS_STAT_H 1
#define HAVE_SYS_TIME_H 1
#define HAVE_SYS_TYPES_H 1
#define HAVE_UNISTD_H 1
#define HAVE_UNISTD_H 1
#define HAVE_VPRINTF 1
#define PACKAGE "viewcasts"
#define PACKAGE_BUGREPORT ""
#define PACKAGE_NAME ""
#define PACKAGE_STRING ""
#define PACKAGE_TARNAME ""
#define PACKAGE_VERSION ""
#define STDC_HEADERS 1
#define STDC_HEADERS 1
#define TIME_WITH_SYS_TIME 1
#define VERSION "0.5"
#define X_DISPLAY_MISSING 1
#define X_DISPLAY_MISSING 1

configure: exit 0

## ---------------------- ##
## Running config.status. ##
## ---------------------- ##

This file was extended by config.status, which was
generated by GNU Autoconf 2.57.  Invocation command line was

  CONFIG_FILES    = 
  CONFIG_HEADERS  = 
  CONFIG_LINKS    = 
  CONFIG_COMMANDS = 
  $ ./config.status config.h

on Toni-Ivass-MacBook-Pro.local

config.status:803: creating config.h
